[2023-12-20 17:27:54,548: INFO: main: Welcome to our custom log]
[2023-12-20 17:31:00,219: INFO: main: Welcome to our custom log]
[2023-12-21 01:56:37,209: INFO: common: yaml file: config\config.yaml loaded successfully]
[2023-12-21 01:59:40,239: INFO: common: yaml file: config\config.yaml loaded successfully]
[2023-12-21 02:08:21,220: INFO: common: yaml file: config\config.yaml loaded successfully]
[2023-12-21 02:08:21,224: INFO: common: yaml file: params.yaml loaded successfully]
[2023-12-21 02:08:21,228: INFO: common: created directory at: artifacts]
[2023-12-21 02:08:21,230: INFO: common: created directory at: artifacts/data_ingestion]
[2023-12-21 02:08:21,234: INFO: 986331348: Downloading data from https://drive.google.com/file/d/1bP8fOULCMPs3x8xOjuoG8TlNDQp7gT5U/view?usp=sharing into file artifacts/data_ingestion/data.zip]
[2023-12-21 02:08:35,747: INFO: 986331348: Downloaded data from https://drive.google.com/file/d/1bP8fOULCMPs3x8xOjuoG8TlNDQp7gT5U/view?usp=sharing into file artifacts/data_ingestion/data.zip]
[2023-12-21 02:34:00,698: INFO: main: >>>>>> stage Data Ingestion stage started <<<<<<]
[2023-12-21 02:34:00,698: INFO: common: yaml file: config\config.yaml loaded successfully]
[2023-12-21 02:34:00,698: INFO: common: yaml file: params.yaml loaded successfully]
[2023-12-21 02:34:00,698: INFO: common: created directory at: artifacts]
[2023-12-21 02:34:00,698: INFO: common: created directory at: artifacts/data_ingestion]
[2023-12-21 02:34:00,698: INFO: data_ingestion: Downloading data from https://drive.google.com/file/d/1bP8fOULCMPs3x8xOjuoG8TlNDQp7gT5U/view?usp=sharing into file artifacts/data_ingestion/data.zip]
[2023-12-21 02:34:12,546: INFO: data_ingestion: Downloaded data from https://drive.google.com/file/d/1bP8fOULCMPs3x8xOjuoG8TlNDQp7gT5U/view?usp=sharing into file artifacts/data_ingestion/data.zip]
[2023-12-21 02:34:13,733: INFO: main: >>>>>> stage Data Ingestion stage completed <<<<<<

x==========x]
[2023-12-22 15:58:18,655: INFO: common: yaml file: config\config.yaml loaded successfully]
[2023-12-22 15:58:18,676: INFO: common: yaml file: params.yaml loaded successfully]
[2023-12-22 15:58:18,680: INFO: common: created directory at: artifacts]
[2023-12-22 15:58:18,683: INFO: common: created directory at: artifacts/prepare_base_model]
[2023-12-22 15:58:34,175: WARNING: saving_utils: Compiled the loaded model, but the compiled metrics have yet to be built. `model.compile_metrics` will be empty until you train or evaluate the model.]
[2023-12-22 20:29:14,464: INFO: main: >>>>>> stage Data Ingestion stage started <<<<<<]
[2023-12-22 20:29:14,479: INFO: common: yaml file: config\config.yaml loaded successfully]
[2023-12-22 20:29:14,479: INFO: common: yaml file: params.yaml loaded successfully]
[2023-12-22 20:29:14,495: INFO: common: created directory at: artifacts]
[2023-12-22 20:29:14,495: INFO: common: created directory at: artifacts/data_ingestion]
[2023-12-22 20:29:14,495: INFO: data_ingestion: Downloading data from https://drive.google.com/file/d/1bP8fOULCMPs3x8xOjuoG8TlNDQp7gT5U/view?usp=sharing into file artifacts/data_ingestion/data.zip]
[2023-12-22 20:29:27,198: INFO: data_ingestion: Downloaded data from https://drive.google.com/file/d/1bP8fOULCMPs3x8xOjuoG8TlNDQp7gT5U/view?usp=sharing into file artifacts/data_ingestion/data.zip]
[2023-12-22 20:29:28,682: INFO: main: >>>>>> stage Data Ingestion stage completed <<<<<<

x==========x]
[2023-12-22 20:29:28,682: INFO: main: *******************]
[2023-12-22 20:29:28,682: INFO: main: >>>>>> stage Prepare base model started <<<<<<]
[2023-12-22 20:29:28,682: INFO: common: yaml file: config\config.yaml loaded successfully]
[2023-12-22 20:29:28,682: INFO: common: yaml file: params.yaml loaded successfully]
[2023-12-22 20:29:28,682: INFO: common: created directory at: artifacts]
[2023-12-22 20:29:28,682: INFO: common: created directory at: artifacts/prepare_base_model]
[2023-12-22 20:29:29,668: WARNING: saving_utils: Compiled the loaded model, but the compiled metrics have yet to be built. `model.compile_metrics` will be empty until you train or evaluate the model.]
[2023-12-22 20:29:30,168: INFO: main: >>>>>> stage Prepare base model completed <<<<<<

x==========x]
[2023-12-22 20:54:57,266: INFO: common: yaml file: config\config.yaml loaded successfully]
[2023-12-22 20:54:57,271: INFO: common: yaml file: params.yaml loaded successfully]
[2023-12-22 20:54:57,275: INFO: common: created directory at: artifacts]
[2023-12-22 20:54:57,278: INFO: common: created directory at: artifacts\training]
[2023-12-22 21:21:06,123: INFO: main: >>>>>> stage Data Ingestion stage started <<<<<<]
[2023-12-22 21:21:06,130: INFO: common: yaml file: config\config.yaml loaded successfully]
[2023-12-22 21:21:06,133: INFO: common: yaml file: params.yaml loaded successfully]
[2023-12-22 21:21:06,133: INFO: common: created directory at: artifacts]
[2023-12-22 21:21:06,134: INFO: common: created directory at: artifacts/data_ingestion]
[2023-12-22 21:21:06,135: INFO: data_ingestion: Downloading data from https://drive.google.com/file/d/1bP8fOULCMPs3x8xOjuoG8TlNDQp7gT5U/view?usp=sharing into file artifacts/data_ingestion/data.zip]
[2023-12-22 21:21:19,293: INFO: data_ingestion: Downloaded data from https://drive.google.com/file/d/1bP8fOULCMPs3x8xOjuoG8TlNDQp7gT5U/view?usp=sharing into file artifacts/data_ingestion/data.zip]
[2023-12-22 21:21:21,033: INFO: main: >>>>>> stage Data Ingestion stage completed <<<<<<

x==========x]
[2023-12-22 21:21:21,033: INFO: main: *******************]
[2023-12-22 21:21:21,033: INFO: main: >>>>>> stage Prepare base model started <<<<<<]
[2023-12-22 21:21:21,033: INFO: common: yaml file: config\config.yaml loaded successfully]
[2023-12-22 21:21:21,049: INFO: common: yaml file: params.yaml loaded successfully]
[2023-12-22 21:21:21,050: INFO: common: created directory at: artifacts]
[2023-12-22 21:21:21,051: INFO: common: created directory at: artifacts/prepare_base_model]
[2023-12-22 21:21:22,064: WARNING: saving_utils: Compiled the loaded model, but the compiled metrics have yet to be built. `model.compile_metrics` will be empty until you train or evaluate the model.]
[2023-12-22 21:21:22,529: INFO: main: >>>>>> stage Prepare base model completed <<<<<<

x==========x]
[2023-12-22 21:21:22,529: INFO: main: *******************]
[2023-12-22 21:21:22,530: INFO: main: >>>>>> stage Training started <<<<<<]
[2023-12-22 21:21:22,533: INFO: common: yaml file: config\config.yaml loaded successfully]
[2023-12-22 21:21:22,536: INFO: common: yaml file: params.yaml loaded successfully]
[2023-12-22 21:21:22,537: INFO: common: created directory at: artifacts]
[2023-12-22 21:21:22,538: INFO: common: created directory at: artifacts\training]
[2023-12-22 21:24:20,516: INFO: main: >>>>>> stage Training completed <<<<<<

x==========x]
[2023-12-23 01:42:34,006: INFO: common: yaml file: config\config.yaml loaded successfully]
[2023-12-23 01:42:34,013: INFO: common: yaml file: params.yaml loaded successfully]
[2023-12-23 01:42:34,017: INFO: common: created directory at: artifacts]
[2023-12-23 01:43:30,513: INFO: common: json file saved at: scores.json]
[2023-12-23 01:43:35,272: WARNING: save: Found untraced functions such as _jit_compiled_convolution_op, _jit_compiled_convolution_op, _jit_compiled_convolution_op, _jit_compiled_convolution_op, _jit_compiled_convolution_op while saving (showing 5 of 14). These functions will not be directly callable after loading.]
[2023-12-23 01:43:36,712: INFO: builder_impl: Assets written to: C:\Users\Lenovo\AppData\Local\Temp\tmpnwnxr227\model\data\model\assets]
[2023-12-23 01:52:48,088: INFO: common: yaml file: config\config.yaml loaded successfully]
[2023-12-23 01:52:48,096: INFO: common: yaml file: params.yaml loaded successfully]
[2023-12-23 01:52:48,100: INFO: common: created directory at: artifacts]
[2023-12-23 01:53:43,530: INFO: common: json file saved at: scores.json]
[2023-12-23 01:53:48,156: WARNING: save: Found untraced functions such as _jit_compiled_convolution_op, _jit_compiled_convolution_op, _jit_compiled_convolution_op, _jit_compiled_convolution_op, _jit_compiled_convolution_op while saving (showing 5 of 14). These functions will not be directly callable after loading.]
[2023-12-23 01:53:49,519: INFO: builder_impl: Assets written to: C:\Users\Lenovo\AppData\Local\Temp\tmpjjxa8mjf\model\data\model\assets]
[2023-12-23 01:58:10,403: INFO: common: yaml file: config\config.yaml loaded successfully]
[2023-12-23 01:58:10,411: INFO: common: yaml file: params.yaml loaded successfully]
[2023-12-23 01:58:10,413: INFO: common: created directory at: artifacts]
[2023-12-23 01:59:34,810: INFO: common: json file saved at: scores.json]
[2023-12-23 01:59:39,284: WARNING: save: Found untraced functions such as _jit_compiled_convolution_op, _jit_compiled_convolution_op, _jit_compiled_convolution_op, _jit_compiled_convolution_op, _jit_compiled_convolution_op while saving (showing 5 of 14). These functions will not be directly callable after loading.]
[2023-12-23 01:59:40,713: INFO: builder_impl: Assets written to: C:\Users\Lenovo\AppData\Local\Temp\tmp0c5gvooz\model\data\model\assets]
[2023-12-23 02:24:30,455: INFO: main: >>>>>> stage Data Ingestion stage started <<<<<<]
[2023-12-23 02:24:30,477: INFO: common: yaml file: config\config.yaml loaded successfully]
[2023-12-23 02:24:30,480: INFO: common: yaml file: params.yaml loaded successfully]
[2023-12-23 02:24:30,481: INFO: common: created directory at: artifacts]
[2023-12-23 02:24:30,482: INFO: common: created directory at: artifacts/data_ingestion]
[2023-12-23 02:24:30,483: INFO: data_ingestion: Downloading data from https://drive.google.com/file/d/1bP8fOULCMPs3x8xOjuoG8TlNDQp7gT5U/view?usp=sharing into file artifacts/data_ingestion/data.zip]
[2023-12-23 02:24:42,778: INFO: data_ingestion: Downloaded data from https://drive.google.com/file/d/1bP8fOULCMPs3x8xOjuoG8TlNDQp7gT5U/view?usp=sharing into file artifacts/data_ingestion/data.zip]
[2023-12-23 02:24:44,019: INFO: main: >>>>>> stage Data Ingestion stage completed <<<<<<

x==========x]
[2023-12-23 02:24:44,020: INFO: main: *******************]
[2023-12-23 02:24:44,020: INFO: main: >>>>>> stage Prepare base model started <<<<<<]
[2023-12-23 02:24:44,026: INFO: common: yaml file: config\config.yaml loaded successfully]
[2023-12-23 02:24:44,030: INFO: common: yaml file: params.yaml loaded successfully]
[2023-12-23 02:24:44,031: INFO: common: created directory at: artifacts]
[2023-12-23 02:24:44,032: INFO: common: created directory at: artifacts/prepare_base_model]
[2023-12-23 02:24:45,270: WARNING: saving_utils: Compiled the loaded model, but the compiled metrics have yet to be built. `model.compile_metrics` will be empty until you train or evaluate the model.]
[2023-12-23 02:24:45,737: INFO: main: >>>>>> stage Prepare base model completed <<<<<<

x==========x]
[2023-12-23 02:24:45,739: INFO: main: *******************]
[2023-12-23 02:24:45,739: INFO: main: >>>>>> stage Training started <<<<<<]
[2023-12-23 02:24:45,743: INFO: common: yaml file: config\config.yaml loaded successfully]
[2023-12-23 02:24:45,746: INFO: common: yaml file: params.yaml loaded successfully]
[2023-12-23 02:24:45,747: INFO: common: created directory at: artifacts]
[2023-12-23 02:24:45,748: INFO: common: created directory at: artifacts\training]
[2023-12-23 02:27:18,535: INFO: main: >>>>>> stage Training completed <<<<<<

x==========x]
[2023-12-23 02:27:18,535: INFO: main: *******************]
[2023-12-23 02:27:18,536: INFO: main: >>>>>> stage Evaluation started <<<<<<]
[2023-12-23 02:27:18,539: INFO: common: yaml file: config\config.yaml loaded successfully]
[2023-12-23 02:27:18,542: INFO: common: yaml file: params.yaml loaded successfully]
[2023-12-23 02:27:18,542: INFO: common: created directory at: artifacts]
[2023-12-23 02:28:28,887: INFO: common: json file saved at: scores.json]
[2023-12-23 02:28:28,888: INFO: common: json file saved at: scores.json]
[2023-12-23 02:28:28,889: INFO: main: >>>>>> stage Evaluation completed <<<<<<

x==========x]
[2023-12-23 02:32:02,036: INFO: main: >>>>>> stage Data Ingestion stage started <<<<<<]
[2023-12-23 02:32:02,041: INFO: common: yaml file: config\config.yaml loaded successfully]
[2023-12-23 02:32:02,041: INFO: common: yaml file: params.yaml loaded successfully]
[2023-12-23 02:32:02,041: INFO: common: created directory at: artifacts]
[2023-12-23 02:32:02,046: INFO: common: created directory at: artifacts/data_ingestion]
[2023-12-23 02:32:02,046: INFO: data_ingestion: Downloading data from https://drive.google.com/file/d/1bP8fOULCMPs3x8xOjuoG8TlNDQp7gT5U/view?usp=sharing into file artifacts/data_ingestion/data.zip]
[2023-12-23 02:32:13,971: INFO: data_ingestion: Downloaded data from https://drive.google.com/file/d/1bP8fOULCMPs3x8xOjuoG8TlNDQp7gT5U/view?usp=sharing into file artifacts/data_ingestion/data.zip]
[2023-12-23 02:32:15,079: INFO: main: >>>>>> stage Data Ingestion stage completed <<<<<<

x==========x]
[2023-12-23 02:32:15,089: INFO: main: *******************]
[2023-12-23 02:32:15,089: INFO: main: >>>>>> stage Prepare base model started <<<<<<]
[2023-12-23 02:32:15,099: INFO: common: yaml file: config\config.yaml loaded successfully]
[2023-12-23 02:32:15,104: INFO: common: yaml file: params.yaml loaded successfully]
[2023-12-23 02:32:15,104: INFO: common: created directory at: artifacts]
[2023-12-23 02:32:15,114: INFO: common: created directory at: artifacts/prepare_base_model]
[2023-12-23 02:32:16,002: WARNING: saving_utils: Compiled the loaded model, but the compiled metrics have yet to be built. `model.compile_metrics` will be empty until you train or evaluate the model.]
[2023-12-23 02:32:16,377: INFO: main: >>>>>> stage Prepare base model completed <<<<<<

x==========x]
[2023-12-23 02:32:16,377: INFO: main: *******************]
[2023-12-23 02:32:16,377: INFO: main: >>>>>> stage Training started <<<<<<]
[2023-12-23 02:32:16,382: INFO: common: yaml file: config\config.yaml loaded successfully]
[2023-12-23 02:32:16,387: INFO: common: yaml file: params.yaml loaded successfully]
[2023-12-23 02:32:16,387: INFO: common: created directory at: artifacts]
[2023-12-23 02:32:16,387: INFO: common: created directory at: artifacts\training]
[2023-12-23 02:34:49,223: INFO: main: >>>>>> stage Training completed <<<<<<

x==========x]
[2023-12-23 02:34:49,228: INFO: main: *******************]
[2023-12-23 02:34:49,229: INFO: main: >>>>>> stage Evaluation started <<<<<<]
[2023-12-23 02:34:49,236: INFO: common: yaml file: config\config.yaml loaded successfully]
[2023-12-23 02:34:49,242: INFO: common: yaml file: params.yaml loaded successfully]
[2023-12-23 02:34:49,243: INFO: common: created directory at: artifacts]
[2023-12-23 02:35:45,361: INFO: common: json file saved at: scores.json]
[2023-12-23 02:35:45,361: INFO: common: json file saved at: scores.json]
[2023-12-23 02:35:45,365: INFO: main: >>>>>> stage Evaluation completed <<<<<<

x==========x]
[2023-12-23 02:37:46,770: INFO: main: >>>>>> stage Data Ingestion stage started <<<<<<]
[2023-12-23 02:37:46,774: INFO: common: yaml file: config\config.yaml loaded successfully]
[2023-12-23 02:37:46,777: INFO: common: yaml file: params.yaml loaded successfully]
[2023-12-23 02:37:46,778: INFO: common: created directory at: artifacts]
[2023-12-23 02:37:46,779: INFO: common: created directory at: artifacts/data_ingestion]
[2023-12-23 02:37:46,780: INFO: data_ingestion: Downloading data from https://drive.google.com/file/d/1bP8fOULCMPs3x8xOjuoG8TlNDQp7gT5U/view?usp=sharing into file artifacts/data_ingestion/data.zip]
[2023-12-23 02:37:59,907: INFO: data_ingestion: Downloaded data from https://drive.google.com/file/d/1bP8fOULCMPs3x8xOjuoG8TlNDQp7gT5U/view?usp=sharing into file artifacts/data_ingestion/data.zip]
[2023-12-23 02:38:00,996: INFO: main: >>>>>> stage Data Ingestion stage completed <<<<<<

x==========x]
[2023-12-23 02:38:00,997: INFO: main: *******************]
[2023-12-23 02:38:00,999: INFO: main: >>>>>> stage Prepare base model started <<<<<<]
[2023-12-23 02:38:01,007: INFO: common: yaml file: config\config.yaml loaded successfully]
[2023-12-23 02:38:01,012: INFO: common: yaml file: params.yaml loaded successfully]
[2023-12-23 02:38:01,013: INFO: common: created directory at: artifacts]
[2023-12-23 02:38:01,014: INFO: common: created directory at: artifacts/prepare_base_model]
[2023-12-23 02:38:01,994: WARNING: saving_utils: Compiled the loaded model, but the compiled metrics have yet to be built. `model.compile_metrics` will be empty until you train or evaluate the model.]
[2023-12-23 02:38:02,910: INFO: main: >>>>>> stage Prepare base model completed <<<<<<

x==========x]
[2023-12-23 02:38:02,911: INFO: main: *******************]
[2023-12-23 02:38:02,911: INFO: main: >>>>>> stage Training started <<<<<<]
[2023-12-23 02:38:02,919: INFO: common: yaml file: config\config.yaml loaded successfully]
[2023-12-23 02:38:02,923: INFO: common: yaml file: params.yaml loaded successfully]
[2023-12-23 02:38:02,925: INFO: common: created directory at: artifacts]
[2023-12-23 02:38:02,926: INFO: common: created directory at: artifacts\training]
[2023-12-23 02:45:11,956: INFO: main: >>>>>> stage Training completed <<<<<<

x==========x]
[2023-12-23 02:45:11,957: INFO: main: *******************]
[2023-12-23 02:45:11,957: INFO: main: >>>>>> stage Evaluation started <<<<<<]
[2023-12-23 02:45:11,964: INFO: common: yaml file: config\config.yaml loaded successfully]
[2023-12-23 02:45:11,971: INFO: common: yaml file: params.yaml loaded successfully]
[2023-12-23 02:45:11,972: INFO: common: created directory at: artifacts]
[2023-12-23 02:46:14,791: INFO: common: json file saved at: scores.json]
[2023-12-23 02:46:14,793: INFO: common: json file saved at: scores.json]
[2023-12-23 02:46:14,794: INFO: main: >>>>>> stage Evaluation completed <<<<<<

x==========x]
